<?xml version="1.0" encoding="UTF-8"?>
<!-- Generated by org.testng.reporters.JUnitReportReporter -->
<testsuite hostname="Poojas-MacBook-Air.local" failures="0" tests="1" name="DemoClass" time="0.005" errors="0" timestamp="2024-05-21T23:02:56 IST" skipped="0">
  <testcase classname="DemoClass" name="test" time="0.005"/>
</testsuite> <!-- DemoClass -->
