<?xml version="1.0" encoding="UTF-8"?>
<!-- Generated by org.testng.reporters.JUnitReportReporter -->
<testsuite hostname="Poojas-MacBook-Air.local" failures="0" tests="1" name="TestCases.TC_001_LoginPage" time="4.565" errors="0" timestamp="2024-05-22T12:37:20 IST" skipped="0">
  <testcase classname="TestCases.TC_001_LoginPage" name="LoginTest" time="4.565"/>
</testsuite> <!-- TestCases.TC_001_LoginPage -->
