<?xml version="1.0" encoding="UTF-8"?>
<!-- Generated by org.testng.reporters.JUnitReportReporter -->
<testsuite hostname="Poojas-MacBook-Air.local" failures="0" tests="1" name="TestCases.TC_001_LoginPage" time="3.741" errors="0" timestamp="2024-05-21T23:58:29 IST" skipped="0">
  <testcase classname="TestCases.TC_001_LoginPage" name="LoginTest" time="3.741"/>
</testsuite> <!-- TestCases.TC_001_LoginPage -->
